[ 2016-10-21T11:02:13+08:00 ] 127.0.0.1 /index.php/Mobile/Index/index.html
INFO: [ app_init ] --START--
INFO: Run Behavior\BuildLiteBehavior [ RunTime:0.000000s ]
INFO: [ app_init ] --END-- [ RunTime:0.001000s ]
INFO: [ app_begin ] --START--
INFO: Run Behavior\ReadHtmlCacheBehavior [ RunTime:0.000000s ]
INFO: [ app_begin ] --END-- [ RunTime:0.000000s ]
INFO: [ view_begin ] --START--
INFO: Run Home\Behaviors\testBehavior [ RunTime:0.001001s ]
INFO: [ view_begin ] --END-- [ RunTime:0.001001s ]
INFO: [ view_parse ] --START--
NOTIC: [8] Undefined index: order D:\WWW\tpshop\ThinkPHP\Library\Think\Template\TagLib\Tpshop.class.php 第 35 行.
NOTIC: [8] Undefined index: where D:\WWW\tpshop\ThinkPHP\Library\Think\Template\TagLib\Tpshop.class.php 第 37 行.
NOTIC: [8] Undefined index: order D:\WWW\tpshop\ThinkPHP\Library\Think\Template\TagLib\Tpshop.class.php 第 35 行.
NOTIC: [8] Undefined index: where D:\WWW\tpshop\ThinkPHP\Library\Think\Template\TagLib\Tpshop.class.php 第 37 行.
NOTIC: [8] Undefined index: order D:\WWW\tpshop\ThinkPHP\Library\Think\Template\TagLib\Tpshop.class.php 第 35 行.
NOTIC: [8] Undefined index: where D:\WWW\tpshop\ThinkPHP\Library\Think\Template\TagLib\Tpshop.class.php 第 37 行.
NOTIC: [8] Undefined index: order D:\WWW\tpshop\ThinkPHP\Library\Think\Template\TagLib\Tpshop.class.php 第 35 行.
NOTIC: [8] Undefined index: where D:\WWW\tpshop\ThinkPHP\Library\Think\Template\TagLib\Tpshop.class.php 第 37 行.
NOTIC: [8] Undefined index: order D:\WWW\tpshop\ThinkPHP\Library\Think\Template\TagLib\Tpshop.class.php 第 35 行.
NOTIC: [8] Undefined index: where D:\WWW\tpshop\ThinkPHP\Library\Think\Template\TagLib\Tpshop.class.php 第 37 行.
NOTIC: [8] Undefined index: order D:\WWW\tpshop\ThinkPHP\Library\Think\Template\TagLib\Tpshop.class.php 第 35 行.
NOTIC: [8] Undefined index: where D:\WWW\tpshop\ThinkPHP\Library\Think\Template\TagLib\Tpshop.class.php 第 37 行.
NOTIC: [8] Undefined index: order D:\WWW\tpshop\ThinkPHP\Library\Think\Template\TagLib\Tpshop.class.php 第 35 行.
NOTIC: [8] Undefined index: where D:\WWW\tpshop\ThinkPHP\Library\Think\Template\TagLib\Tpshop.class.php 第 37 行.
NOTIC: [8] Undefined index: order D:\WWW\tpshop\ThinkPHP\Library\Think\Template\TagLib\Tpshop.class.php 第 35 行.
NOTIC: [8] Undefined index: where D:\WWW\tpshop\ThinkPHP\Library\Think\Template\TagLib\Tpshop.class.php 第 37 行.
NOTIC: [8] Undefined index: order D:\WWW\tpshop\ThinkPHP\Library\Think\Template\TagLib\Tpshop.class.php 第 35 行.
NOTIC: [8] Undefined index: where D:\WWW\tpshop\ThinkPHP\Library\Think\Template\TagLib\Tpshop.class.php 第 37 行.
NOTIC: [8] Undefined index: order D:\WWW\tpshop\ThinkPHP\Library\Think\Template\TagLib\Tpshop.class.php 第 35 行.
NOTIC: [8] Undefined index: where D:\WWW\tpshop\ThinkPHP\Library\Think\Template\TagLib\Tpshop.class.php 第 37 行.
NOTIC: [8] Undefined index: order D:\WWW\tpshop\ThinkPHP\Library\Think\Template\TagLib\Tpshop.class.php 第 35 行.
NOTIC: [8] Undefined index: where D:\WWW\tpshop\ThinkPHP\Library\Think\Template\TagLib\Tpshop.class.php 第 37 行.
NOTIC: [8] Undefined index: level D:\WWW\tpshop\ThinkPHP\Library\Think\Template\TagLib\Tpshop.class.php 第 155 行.
NOTIC: [8] Undefined index: level D:\WWW\tpshop\ThinkPHP\Library\Think\Template\TagLib\Tpshop.class.php 第 155 行.
NOTIC: [8] Undefined index: level D:\WWW\tpshop\ThinkPHP\Library\Think\Template\TagLib\Tpshop.class.php 第 155 行.
NOTIC: [8] Undefined index: level D:\WWW\tpshop\ThinkPHP\Library\Think\Template\TagLib\Tpshop.class.php 第 155 行.
NOTIC: [8] Undefined index: level D:\WWW\tpshop\ThinkPHP\Library\Think\Template\TagLib\Tpshop.class.php 第 155 行.
INFO: [ template_filter ] --START--
INFO: Run Behavior\ContentReplaceBehavior [ RunTime:0.000000s ]
INFO: [ template_filter ] --END-- [ RunTime:0.000000s ]
NOTIC: [8] Use of undefined constant edit_ad - assumed 'edit_ad' D:\WWW\tpshop\Application\Runtime\Cache\Mobile\b5bbc2774616647d2eecc9fe44b263ed.php 第 33 行.
NOTIC: [8] Undefined index: edit_ad D:\WWW\tpshop\Application\Runtime\Cache\Mobile\b5bbc2774616647d2eecc9fe44b263ed.php 第 33 行.
NOTIC: [8] Use of undefined constant position - assumed 'position' D:\WWW\tpshop\Application\Runtime\Cache\Mobile\b5bbc2774616647d2eecc9fe44b263ed.php 第 33 行.
NOTIC: [8] Use of undefined constant pid - assumed 'pid' D:\WWW\tpshop\Application\Runtime\Cache\Mobile\b5bbc2774616647d2eecc9fe44b263ed.php 第 33 行.
NOTIC: [8] Use of undefined constant edit_ad - assumed 'edit_ad' D:\WWW\tpshop\Application\Runtime\Cache\Mobile\b5bbc2774616647d2eecc9fe44b263ed.php 第 33 行.
NOTIC: [8] Undefined index: edit_ad D:\WWW\tpshop\Application\Runtime\Cache\Mobile\b5bbc2774616647d2eecc9fe44b263ed.php 第 33 行.
NOTIC: [8] Use of undefined constant ad_code - assumed 'ad_code' D:\WWW\tpshop\Application\Runtime\Cache\Mobile\b5bbc2774616647d2eecc9fe44b263ed.php 第 33 行.
NOTIC: [8] Use of undefined constant title - assumed 'title' D:\WWW\tpshop\Application\Runtime\Cache\Mobile\b5bbc2774616647d2eecc9fe44b263ed.php 第 33 行.
NOTIC: [8] Undefined index: title D:\WWW\tpshop\Application\Runtime\Cache\Mobile\b5bbc2774616647d2eecc9fe44b263ed.php 第 33 行.
NOTIC: [8] Use of undefined constant style - assumed 'style' D:\WWW\tpshop\Application\Runtime\Cache\Mobile\b5bbc2774616647d2eecc9fe44b263ed.php 第 33 行.
NOTIC: [8] Undefined index: style D:\WWW\tpshop\Application\Runtime\Cache\Mobile\b5bbc2774616647d2eecc9fe44b263ed.php 第 33 行.
NOTIC: [8] Use of undefined constant position - assumed 'position' D:\WWW\tpshop\Application\Runtime\Cache\Mobile\b5bbc2774616647d2eecc9fe44b263ed.php 第 33 行.
NOTIC: [8] Use of undefined constant pid - assumed 'pid' D:\WWW\tpshop\Application\Runtime\Cache\Mobile\b5bbc2774616647d2eecc9fe44b263ed.php 第 33 行.
NOTIC: [8] Use of undefined constant edit_ad - assumed 'edit_ad' D:\WWW\tpshop\Application\Runtime\Cache\Mobile\b5bbc2774616647d2eecc9fe44b263ed.php 第 33 行.
NOTIC: [8] Undefined index: edit_ad D:\WWW\tpshop\Application\Runtime\Cache\Mobile\b5bbc2774616647d2eecc9fe44b263ed.php 第 33 行.
NOTIC: [8] Use of undefined constant ad_code - assumed 'ad_code' D:\WWW\tpshop\Application\Runtime\Cache\Mobile\b5bbc2774616647d2eecc9fe44b263ed.php 第 33 行.
NOTIC: [8] Use of undefined constant title - assumed 'title' D:\WWW\tpshop\Application\Runtime\Cache\Mobile\b5bbc2774616647d2eecc9fe44b263ed.php 第 33 行.
NOTIC: [8] Undefined index: title D:\WWW\tpshop\Application\Runtime\Cache\Mobile\b5bbc2774616647d2eecc9fe44b263ed.php 第 33 行.
NOTIC: [8] Use of undefined constant style - assumed 'style' D:\WWW\tpshop\Application\Runtime\Cache\Mobile\b5bbc2774616647d2eecc9fe44b263ed.php 第 33 行.
NOTIC: [8] Undefined index: style D:\WWW\tpshop\Application\Runtime\Cache\Mobile\b5bbc2774616647d2eecc9fe44b263ed.php 第 33 行.
NOTIC: [8] Use of undefined constant position - assumed 'position' D:\WWW\tpshop\Application\Runtime\Cache\Mobile\b5bbc2774616647d2eecc9fe44b263ed.php 第 90 行.
NOTIC: [8] Use of undefined constant pid - assumed 'pid' D:\WWW\tpshop\Application\Runtime\Cache\Mobile\b5bbc2774616647d2eecc9fe44b263ed.php 第 90 行.
NOTIC: [8] Use of undefined constant edit_ad - assumed 'edit_ad' D:\WWW\tpshop\Application\Runtime\Cache\Mobile\b5bbc2774616647d2eecc9fe44b263ed.php 第 90 行.
NOTIC: [8] Undefined index: edit_ad D:\WWW\tpshop\Application\Runtime\Cache\Mobile\b5bbc2774616647d2eecc9fe44b263ed.php 第 90 行.
NOTIC: [8] Use of undefined constant ad_code - assumed 'ad_code' D:\WWW\tpshop\Application\Runtime\Cache\Mobile\b5bbc2774616647d2eecc9fe44b263ed.php 第 91 行.
NOTIC: [8] Use of undefined constant title - assumed 'title' D:\WWW\tpshop\Application\Runtime\Cache\Mobile\b5bbc2774616647d2eecc9fe44b263ed.php 第 91 行.
NOTIC: [8] Undefined index: title D:\WWW\tpshop\Application\Runtime\Cache\Mobile\b5bbc2774616647d2eecc9fe44b263ed.php 第 91 行.
NOTIC: [8] Use of undefined constant style - assumed 'style' D:\WWW\tpshop\Application\Runtime\Cache\Mobile\b5bbc2774616647d2eecc9fe44b263ed.php 第 91 行.
NOTIC: [8] Undefined index: style D:\WWW\tpshop\Application\Runtime\Cache\Mobile\b5bbc2774616647d2eecc9fe44b263ed.php 第 91 行.
NOTIC: [8] Use of undefined constant position - assumed 'position' D:\WWW\tpshop\Application\Runtime\Cache\Mobile\b5bbc2774616647d2eecc9fe44b263ed.php 第 96 行.
NOTIC: [8] Use of undefined constant pid - assumed 'pid' D:\WWW\tpshop\Application\Runtime\Cache\Mobile\b5bbc2774616647d2eecc9fe44b263ed.php 第 96 行.
NOTIC: [8] Use of undefined constant edit_ad - assumed 'edit_ad' D:\WWW\tpshop\Application\Runtime\Cache\Mobile\b5bbc2774616647d2eecc9fe44b263ed.php 第 96 行.
NOTIC: [8] Undefined index: edit_ad D:\WWW\tpshop\Application\Runtime\Cache\Mobile\b5bbc2774616647d2eecc9fe44b263ed.php 第 96 行.
NOTIC: [8] Use of undefined constant ad_code - assumed 'ad_code' D:\WWW\tpshop\Application\Runtime\Cache\Mobile\b5bbc2774616647d2eecc9fe44b263ed.php 第 97 行.
NOTIC: [8] Use of undefined constant title - assumed 'title' D:\WWW\tpshop\Application\Runtime\Cache\Mobile\b5bbc2774616647d2eecc9fe44b263ed.php 第 97 行.
NOTIC: [8] Undefined index: title D:\WWW\tpshop\Application\Runtime\Cache\Mobile\b5bbc2774616647d2eecc9fe44b263ed.php 第 97 行.
NOTIC: [8] Use of undefined constant style - assumed 'style' D:\WWW\tpshop\Application\Runtime\Cache\Mobile\b5bbc2774616647d2eecc9fe44b263ed.php 第 97 行.
NOTIC: [8] Undefined index: style D:\WWW\tpshop\Application\Runtime\Cache\Mobile\b5bbc2774616647d2eecc9fe44b263ed.php 第 97 行.
NOTIC: [8] Use of undefined constant position - assumed 'position' D:\WWW\tpshop\Application\Runtime\Cache\Mobile\b5bbc2774616647d2eecc9fe44b263ed.php 第 101 行.
NOTIC: [8] Use of undefined constant pid - assumed 'pid' D:\WWW\tpshop\Application\Runtime\Cache\Mobile\b5bbc2774616647d2eecc9fe44b263ed.php 第 101 行.
NOTIC: [8] Use of undefined constant edit_ad - assumed 'edit_ad' D:\WWW\tpshop\Application\Runtime\Cache\Mobile\b5bbc2774616647d2eecc9fe44b263ed.php 第 101 行.
NOTIC: [8] Undefined index: edit_ad D:\WWW\tpshop\Application\Runtime\Cache\Mobile\b5bbc2774616647d2eecc9fe44b263ed.php 第 101 行.
NOTIC: [8] Use of undefined constant ad_code - assumed 'ad_code' D:\WWW\tpshop\Application\Runtime\Cache\Mobile\b5bbc2774616647d2eecc9fe44b263ed.php 第 102 行.
NOTIC: [8] Use of undefined constant title - assumed 'title' D:\WWW\tpshop\Application\Runtime\Cache\Mobile\b5bbc2774616647d2eecc9fe44b263ed.php 第 102 行.
NOTIC: [8] Undefined index: title D:\WWW\tpshop\Application\Runtime\Cache\Mobile\b5bbc2774616647d2eecc9fe44b263ed.php 第 102 行.
NOTIC: [8] Use of undefined constant style - assumed 'style' D:\WWW\tpshop\Application\Runtime\Cache\Mobile\b5bbc2774616647d2eecc9fe44b263ed.php 第 102 行.
NOTIC: [8] Undefined index: style D:\WWW\tpshop\Application\Runtime\Cache\Mobile\b5bbc2774616647d2eecc9fe44b263ed.php 第 102 行.
NOTIC: [8] Use of undefined constant position - assumed 'position' D:\WWW\tpshop\Application\Runtime\Cache\Mobile\b5bbc2774616647d2eecc9fe44b263ed.php 第 109 行.
NOTIC: [8] Use of undefined constant pid - assumed 'pid' D:\WWW\tpshop\Application\Runtime\Cache\Mobile\b5bbc2774616647d2eecc9fe44b263ed.php 第 109 行.
NOTIC: [8] Use of undefined constant edit_ad - assumed 'edit_ad' D:\WWW\tpshop\Application\Runtime\Cache\Mobile\b5bbc2774616647d2eecc9fe44b263ed.php 第 109 行.
NOTIC: [8] Undefined index: edit_ad D:\WWW\tpshop\Application\Runtime\Cache\Mobile\b5bbc2774616647d2eecc9fe44b263ed.php 第 109 行.
NOTIC: [8] Use of undefined constant ad_code - assumed 'ad_code' D:\WWW\tpshop\Application\Runtime\Cache\Mobile\b5bbc2774616647d2eecc9fe44b263ed.php 第 110 行.
NOTIC: [8] Use of undefined constant title - assumed 'title' D:\WWW\tpshop\Application\Runtime\Cache\Mobile\b5bbc2774616647d2eecc9fe44b263ed.php 第 110 行.
NOTIC: [8] Undefined index: title D:\WWW\tpshop\Application\Runtime\Cache\Mobile\b5bbc2774616647d2eecc9fe44b263ed.php 第 110 行.
NOTIC: [8] Use of undefined constant style - assumed 'style' D:\WWW\tpshop\Application\Runtime\Cache\Mobile\b5bbc2774616647d2eecc9fe44b263ed.php 第 110 行.
NOTIC: [8] Undefined index: style D:\WWW\tpshop\Application\Runtime\Cache\Mobile\b5bbc2774616647d2eecc9fe44b263ed.php 第 110 行.
NOTIC: [8] Use of undefined constant position - assumed 'position' D:\WWW\tpshop\Application\Runtime\Cache\Mobile\b5bbc2774616647d2eecc9fe44b263ed.php 第 114 行.
NOTIC: [8] Use of undefined constant pid - assumed 'pid' D:\WWW\tpshop\Application\Runtime\Cache\Mobile\b5bbc2774616647d2eecc9fe44b263ed.php 第 114 行.
NOTIC: [8] Use of undefined constant edit_ad - assumed 'edit_ad' D:\WWW\tpshop\Application\Runtime\Cache\Mobile\b5bbc2774616647d2eecc9fe44b263ed.php 第 114 行.
NOTIC: [8] Undefined index: edit_ad D:\WWW\tpshop\Application\Runtime\Cache\Mobile\b5bbc2774616647d2eecc9fe44b263ed.php 第 114 行.
NOTIC: [8] Use of undefined constant ad_code - assumed 'ad_code' D:\WWW\tpshop\Application\Runtime\Cache\Mobile\b5bbc2774616647d2eecc9fe44b263ed.php 第 115 行.
NOTIC: [8] Use of undefined constant title - assumed 'title' D:\WWW\tpshop\Application\Runtime\Cache\Mobile\b5bbc2774616647d2eecc9fe44b263ed.php 第 115 行.
NOTIC: [8] Undefined index: title D:\WWW\tpshop\Application\Runtime\Cache\Mobile\b5bbc2774616647d2eecc9fe44b263ed.php 第 115 行.
NOTIC: [8] Use of undefined constant style - assumed 'style' D:\WWW\tpshop\Application\Runtime\Cache\Mobile\b5bbc2774616647d2eecc9fe44b263ed.php 第 115 行.
NOTIC: [8] Undefined index: style D:\WWW\tpshop\Application\Runtime\Cache\Mobile\b5bbc2774616647d2eecc9fe44b263ed.php 第 115 行.
NOTIC: [8] Use of undefined constant goods_id - assumed 'goods_id' D:\WWW\tpshop\Application\Runtime\Cache\Mobile\b5bbc2774616647d2eecc9fe44b263ed.php 第 167 行.
NOTIC: [8] Use of undefined constant goods_id - assumed 'goods_id' D:\WWW\tpshop\Application\Runtime\Cache\Mobile\b5bbc2774616647d2eecc9fe44b263ed.php 第 169 行.
NOTIC: [8] Use of undefined constant goods_id - assumed 'goods_id' D:\WWW\tpshop\Application\Runtime\Cache\Mobile\b5bbc2774616647d2eecc9fe44b263ed.php 第 170 行.
NOTIC: [8] Use of undefined constant goods_id - assumed 'goods_id' D:\WWW\tpshop\Application\Runtime\Cache\Mobile\b5bbc2774616647d2eecc9fe44b263ed.php 第 172 行.
NOTIC: [8] Use of undefined constant goods_id - assumed 'goods_id' D:\WWW\tpshop\Application\Runtime\Cache\Mobile\b5bbc2774616647d2eecc9fe44b263ed.php 第 172 行.
NOTIC: [8] Use of undefined constant goods_id - assumed 'goods_id' D:\WWW\tpshop\Application\Runtime\Cache\Mobile\b5bbc2774616647d2eecc9fe44b263ed.php 第 167 行.
NOTIC: [8] Use of undefined constant goods_id - assumed 'goods_id' D:\WWW\tpshop\Application\Runtime\Cache\Mobile\b5bbc2774616647d2eecc9fe44b263ed.php 第 169 行.
NOTIC: [8] Use of undefined constant goods_id - assumed 'goods_id' D:\WWW\tpshop\Application\Runtime\Cache\Mobile\b5bbc2774616647d2eecc9fe44b263ed.php 第 170 行.
NOTIC: [8] Use of undefined constant goods_id - assumed 'goods_id' D:\WWW\tpshop\Application\Runtime\Cache\Mobile\b5bbc2774616647d2eecc9fe44b263ed.php 第 172 行.
NOTIC: [8] Use of undefined constant goods_id - assumed 'goods_id' D:\WWW\tpshop\Application\Runtime\Cache\Mobile\b5bbc2774616647d2eecc9fe44b263ed.php 第 172 行.
NOTIC: [8] Use of undefined constant goods_id - assumed 'goods_id' D:\WWW\tpshop\Application\Runtime\Cache\Mobile\b5bbc2774616647d2eecc9fe44b263ed.php 第 167 行.
NOTIC: [8] Use of undefined constant goods_id - assumed 'goods_id' D:\WWW\tpshop\Application\Runtime\Cache\Mobile\b5bbc2774616647d2eecc9fe44b263ed.php 第 169 行.
NOTIC: [8] Use of undefined constant goods_id - assumed 'goods_id' D:\WWW\tpshop\Application\Runtime\Cache\Mobile\b5bbc2774616647d2eecc9fe44b263ed.php 第 170 行.
NOTIC: [8] Use of undefined constant goods_id - assumed 'goods_id' D:\WWW\tpshop\Application\Runtime\Cache\Mobile\b5bbc2774616647d2eecc9fe44b263ed.php 第 172 行.
NOTIC: [8] Use of undefined constant goods_id - assumed 'goods_id' D:\WWW\tpshop\Application\Runtime\Cache\Mobile\b5bbc2774616647d2eecc9fe44b263ed.php 第 172 行.
NOTIC: [8] Use of undefined constant goods_id - assumed 'goods_id' D:\WWW\tpshop\Application\Runtime\Cache\Mobile\b5bbc2774616647d2eecc9fe44b263ed.php 第 186 行.
NOTIC: [8] Use of undefined constant goods_id - assumed 'goods_id' D:\WWW\tpshop\Application\Runtime\Cache\Mobile\b5bbc2774616647d2eecc9fe44b263ed.php 第 188 行.
NOTIC: [8] Use of undefined constant goods_id - assumed 'goods_id' D:\WWW\tpshop\Application\Runtime\Cache\Mobile\b5bbc2774616647d2eecc9fe44b263ed.php 第 190 行.
NOTIC: [8] Use of undefined constant goods_id - assumed 'goods_id' D:\WWW\tpshop\Application\Runtime\Cache\Mobile\b5bbc2774616647d2eecc9fe44b263ed.php 第 196 行.
NOTIC: [8] Use of undefined constant goods_id - assumed 'goods_id' D:\WWW\tpshop\Application\Runtime\Cache\Mobile\b5bbc2774616647d2eecc9fe44b263ed.php 第 186 行.
NOTIC: [8] Use of undefined constant goods_id - assumed 'goods_id' D:\WWW\tpshop\Application\Runtime\Cache\Mobile\b5bbc2774616647d2eecc9fe44b263ed.php 第 188 行.
NOTIC: [8] Use of undefined constant goods_id - assumed 'goods_id' D:\WWW\tpshop\Application\Runtime\Cache\Mobile\b5bbc2774616647d2eecc9fe44b263ed.php 第 190 行.
NOTIC: [8] Use of undefined constant goods_id - assumed 'goods_id' D:\WWW\tpshop\Application\Runtime\Cache\Mobile\b5bbc2774616647d2eecc9fe44b263ed.php 第 196 行.
NOTIC: [8] Use of undefined constant goods_id - assumed 'goods_id' D:\WWW\tpshop\Application\Runtime\Cache\Mobile\b5bbc2774616647d2eecc9fe44b263ed.php 第 186 行.
NOTIC: [8] Use of undefined constant goods_id - assumed 'goods_id' D:\WWW\tpshop\Application\Runtime\Cache\Mobile\b5bbc2774616647d2eecc9fe44b263ed.php 第 188 行.
NOTIC: [8] Use of undefined constant goods_id - assumed 'goods_id' D:\WWW\tpshop\Application\Runtime\Cache\Mobile\b5bbc2774616647d2eecc9fe44b263ed.php 第 190 行.
NOTIC: [8] Use of undefined constant goods_id - assumed 'goods_id' D:\WWW\tpshop\Application\Runtime\Cache\Mobile\b5bbc2774616647d2eecc9fe44b263ed.php 第 196 行.
NOTIC: [8] Use of undefined constant position - assumed 'position' D:\WWW\tpshop\Application\Runtime\Cache\Mobile\b5bbc2774616647d2eecc9fe44b263ed.php 第 211 行.
NOTIC: [8] Use of undefined constant pid - assumed 'pid' D:\WWW\tpshop\Application\Runtime\Cache\Mobile\b5bbc2774616647d2eecc9fe44b263ed.php 第 211 行.
NOTIC: [8] Use of undefined constant edit_ad - assumed 'edit_ad' D:\WWW\tpshop\Application\Runtime\Cache\Mobile\b5bbc2774616647d2eecc9fe44b263ed.php 第 211 行.
NOTIC: [8] Undefined index: edit_ad D:\WWW\tpshop\Application\Runtime\Cache\Mobile\b5bbc2774616647d2eecc9fe44b263ed.php 第 211 行.
NOTIC: [8] Use of undefined constant ad_code - assumed 'ad_code' D:\WWW\tpshop\Application\Runtime\Cache\Mobile\b5bbc2774616647d2eecc9fe44b263ed.php 第 212 行.
NOTIC: [8] Use of undefined constant title - assumed 'title' D:\WWW\tpshop\Application\Runtime\Cache\Mobile\b5bbc2774616647d2eecc9fe44b263ed.php 第 212 行.
NOTIC: [8] Undefined index: title D:\WWW\tpshop\Application\Runtime\Cache\Mobile\b5bbc2774616647d2eecc9fe44b263ed.php 第 212 行.
NOTIC: [8] Use of undefined constant style - assumed 'style' D:\WWW\tpshop\Application\Runtime\Cache\Mobile\b5bbc2774616647d2eecc9fe44b263ed.php 第 212 行.
NOTIC: [8] Undefined index: style D:\WWW\tpshop\Application\Runtime\Cache\Mobile\b5bbc2774616647d2eecc9fe44b263ed.php 第 212 行.
NOTIC: [8] Use of undefined constant position - assumed 'position' D:\WWW\tpshop\Application\Runtime\Cache\Mobile\b5bbc2774616647d2eecc9fe44b263ed.php 第 217 行.
NOTIC: [8] Use of undefined constant pid - assumed 'pid' D:\WWW\tpshop\Application\Runtime\Cache\Mobile\b5bbc2774616647d2eecc9fe44b263ed.php 第 217 行.
NOTIC: [8] Use of undefined constant edit_ad - assumed 'edit_ad' D:\WWW\tpshop\Application\Runtime\Cache\Mobile\b5bbc2774616647d2eecc9fe44b263ed.php 第 217 行.
NOTIC: [8] Undefined index: edit_ad D:\WWW\tpshop\Application\Runtime\Cache\Mobile\b5bbc2774616647d2eecc9fe44b263ed.php 第 217 行.
NOTIC: [8] Use of undefined constant ad_code - assumed 'ad_code' D:\WWW\tpshop\Application\Runtime\Cache\Mobile\b5bbc2774616647d2eecc9fe44b263ed.php 第 218 行.
NOTIC: [8] Use of undefined constant title - assumed 'title' D:\WWW\tpshop\Application\Runtime\Cache\Mobile\b5bbc2774616647d2eecc9fe44b263ed.php 第 218 行.
NOTIC: [8] Undefined index: title D:\WWW\tpshop\Application\Runtime\Cache\Mobile\b5bbc2774616647d2eecc9fe44b263ed.php 第 218 行.
NOTIC: [8] Use of undefined constant style - assumed 'style' D:\WWW\tpshop\Application\Runtime\Cache\Mobile\b5bbc2774616647d2eecc9fe44b263ed.php 第 218 行.
NOTIC: [8] Undefined index: style D:\WWW\tpshop\Application\Runtime\Cache\Mobile\b5bbc2774616647d2eecc9fe44b263ed.php 第 218 行.
NOTIC: [8] Use of undefined constant position - assumed 'position' D:\WWW\tpshop\Application\Runtime\Cache\Mobile\b5bbc2774616647d2eecc9fe44b263ed.php 第 222 行.
NOTIC: [8] Use of undefined constant pid - assumed 'pid' D:\WWW\tpshop\Application\Runtime\Cache\Mobile\b5bbc2774616647d2eecc9fe44b263ed.php 第 222 行.
NOTIC: [8] Use of undefined constant edit_ad - assumed 'edit_ad' D:\WWW\tpshop\Application\Runtime\Cache\Mobile\b5bbc2774616647d2eecc9fe44b263ed.php 第 222 行.
NOTIC: [8] Undefined index: edit_ad D:\WWW\tpshop\Application\Runtime\Cache\Mobile\b5bbc2774616647d2eecc9fe44b263ed.php 第 222 行.
NOTIC: [8] Use of undefined constant ad_code - assumed 'ad_code' D:\WWW\tpshop\Application\Runtime\Cache\Mobile\b5bbc2774616647d2eecc9fe44b263ed.php 第 223 行.
NOTIC: [8] Use of undefined constant title - assumed 'title' D:\WWW\tpshop\Application\Runtime\Cache\Mobile\b5bbc2774616647d2eecc9fe44b263ed.php 第 223 行.
NOTIC: [8] Undefined index: title D:\WWW\tpshop\Application\Runtime\Cache\Mobile\b5bbc2774616647d2eecc9fe44b263ed.php 第 223 行.
NOTIC: [8] Use of undefined constant style - assumed 'style' D:\WWW\tpshop\Application\Runtime\Cache\Mobile\b5bbc2774616647d2eecc9fe44b263ed.php 第 223 行.
NOTIC: [8] Undefined index: style D:\WWW\tpshop\Application\Runtime\Cache\Mobile\b5bbc2774616647d2eecc9fe44b263ed.php 第 223 行.
NOTIC: [8] Use of undefined constant edit_ad - assumed 'edit_ad' D:\WWW\tpshop\Application\Runtime\Cache\Mobile\b5bbc2774616647d2eecc9fe44b263ed.php 第 229 行.
NOTIC: [8] Undefined index: edit_ad D:\WWW\tpshop\Application\Runtime\Cache\Mobile\b5bbc2774616647d2eecc9fe44b263ed.php 第 229 行.
NOTIC: [8] Use of undefined constant goods_id - assumed 'goods_id' D:\WWW\tpshop\Application\Runtime\Cache\Mobile\b5bbc2774616647d2eecc9fe44b263ed.php 第 246 行.
NOTIC: [8] Use of undefined constant goods_id - assumed 'goods_id' D:\WWW\tpshop\Application\Runtime\Cache\Mobile\b5bbc2774616647d2eecc9fe44b263ed.php 第 252 行.
NOTIC: [8] Use of undefined constant goods_id - assumed 'goods_id' D:\WWW\tpshop\Application\Runtime\Cache\Mobile\b5bbc2774616647d2eecc9fe44b263ed.php 第 255 行.
NOTIC: [8] Use of undefined constant goods_id - assumed 'goods_id' D:\WWW\tpshop\Application\Runtime\Cache\Mobile\b5bbc2774616647d2eecc9fe44b263ed.php 第 246 行.
NOTIC: [8] Use of undefined constant goods_id - assumed 'goods_id' D:\WWW\tpshop\Application\Runtime\Cache\Mobile\b5bbc2774616647d2eecc9fe44b263ed.php 第 252 行.
NOTIC: [8] Use of undefined constant goods_id - assumed 'goods_id' D:\WWW\tpshop\Application\Runtime\Cache\Mobile\b5bbc2774616647d2eecc9fe44b263ed.php 第 255 行.
NOTIC: [8] Use of undefined constant goods_id - assumed 'goods_id' D:\WWW\tpshop\Application\Runtime\Cache\Mobile\b5bbc2774616647d2eecc9fe44b263ed.php 第 246 行.
NOTIC: [8] Use of undefined constant goods_id - assumed 'goods_id' D:\WWW\tpshop\Application\Runtime\Cache\Mobile\b5bbc2774616647d2eecc9fe44b263ed.php 第 252 行.
NOTIC: [8] Use of undefined constant goods_id - assumed 'goods_id' D:\WWW\tpshop\Application\Runtime\Cache\Mobile\b5bbc2774616647d2eecc9fe44b263ed.php 第 255 行.
NOTIC: [8] Use of undefined constant goods_id - assumed 'goods_id' D:\WWW\tpshop\Application\Runtime\Cache\Mobile\b5bbc2774616647d2eecc9fe44b263ed.php 第 246 行.
NOTIC: [8] Use of undefined constant goods_id - assumed 'goods_id' D:\WWW\tpshop\Application\Runtime\Cache\Mobile\b5bbc2774616647d2eecc9fe44b263ed.php 第 252 行.
NOTIC: [8] Use of undefined constant goods_id - assumed 'goods_id' D:\WWW\tpshop\Application\Runtime\Cache\Mobile\b5bbc2774616647d2eecc9fe44b263ed.php 第 255 行.
NOTIC: [8] Use of undefined constant goods_id - assumed 'goods_id' D:\WWW\tpshop\Application\Runtime\Cache\Mobile\b5bbc2774616647d2eecc9fe44b263ed.php 第 246 行.
NOTIC: [8] Use of undefined constant goods_id - assumed 'goods_id' D:\WWW\tpshop\Application\Runtime\Cache\Mobile\b5bbc2774616647d2eecc9fe44b263ed.php 第 252 行.
NOTIC: [8] Use of undefined constant goods_id - assumed 'goods_id' D:\WWW\tpshop\Application\Runtime\Cache\Mobile\b5bbc2774616647d2eecc9fe44b263ed.php 第 255 行.
NOTIC: [8] Use of undefined constant goods_id - assumed 'goods_id' D:\WWW\tpshop\Application\Runtime\Cache\Mobile\b5bbc2774616647d2eecc9fe44b263ed.php 第 246 行.
NOTIC: [8] Use of undefined constant goods_id - assumed 'goods_id' D:\WWW\tpshop\Application\Runtime\Cache\Mobile\b5bbc2774616647d2eecc9fe44b263ed.php 第 252 行.
NOTIC: [8] Use of undefined constant goods_id - assumed 'goods_id' D:\WWW\tpshop\Application\Runtime\Cache\Mobile\b5bbc2774616647d2eecc9fe44b263ed.php 第 255 行.
NOTIC: [8] Use of undefined constant goods_id - assumed 'goods_id' D:\WWW\tpshop\Application\Runtime\Cache\Mobile\b5bbc2774616647d2eecc9fe44b263ed.php 第 246 行.
NOTIC: [8] Use of undefined constant goods_id - assumed 'goods_id' D:\WWW\tpshop\Application\Runtime\Cache\Mobile\b5bbc2774616647d2eecc9fe44b263ed.php 第 252 行.
NOTIC: [8] Use of undefined constant goods_id - assumed 'goods_id' D:\WWW\tpshop\Application\Runtime\Cache\Mobile\b5bbc2774616647d2eecc9fe44b263ed.php 第 255 行.
NOTIC: [8] Use of undefined constant goods_id - assumed 'goods_id' D:\WWW\tpshop\Application\Runtime\Cache\Mobile\b5bbc2774616647d2eecc9fe44b263ed.php 第 246 行.
NOTIC: [8] Use of undefined constant goods_id - assumed 'goods_id' D:\WWW\tpshop\Application\Runtime\Cache\Mobile\b5bbc2774616647d2eecc9fe44b263ed.php 第 252 行.
NOTIC: [8] Use of undefined constant goods_id - assumed 'goods_id' D:\WWW\tpshop\Application\Runtime\Cache\Mobile\b5bbc2774616647d2eecc9fe44b263ed.php 第 255 行.
NOTIC: [8] Use of undefined constant goods_id - assumed 'goods_id' D:\WWW\tpshop\Application\Runtime\Cache\Mobile\b5bbc2774616647d2eecc9fe44b263ed.php 第 246 行.
NOTIC: [8] Use of undefined constant goods_id - assumed 'goods_id' D:\WWW\tpshop\Application\Runtime\Cache\Mobile\b5bbc2774616647d2eecc9fe44b263ed.php 第 252 行.
NOTIC: [8] Use of undefined constant goods_id - assumed 'goods_id' D:\WWW\tpshop\Application\Runtime\Cache\Mobile\b5bbc2774616647d2eecc9fe44b263ed.php 第 255 行.
NOTIC: [8] Use of undefined constant goods_id - assumed 'goods_id' D:\WWW\tpshop\Application\Runtime\Cache\Mobile\b5bbc2774616647d2eecc9fe44b263ed.php 第 291 行.
NOTIC: [8] Use of undefined constant goods_id - assumed 'goods_id' D:\WWW\tpshop\Application\Runtime\Cache\Mobile\b5bbc2774616647d2eecc9fe44b263ed.php 第 297 行.
NOTIC: [8] Use of undefined constant goods_id - assumed 'goods_id' D:\WWW\tpshop\Application\Runtime\Cache\Mobile\b5bbc2774616647d2eecc9fe44b263ed.php 第 300 行.
NOTIC: [8] Use of undefined constant goods_id - assumed 'goods_id' D:\WWW\tpshop\Application\Runtime\Cache\Mobile\b5bbc2774616647d2eecc9fe44b263ed.php 第 291 行.
NOTIC: [8] Use of undefined constant goods_id - assumed 'goods_id' D:\WWW\tpshop\Application\Runtime\Cache\Mobile\b5bbc2774616647d2eecc9fe44b263ed.php 第 297 行.
NOTIC: [8] Use of undefined constant goods_id - assumed 'goods_id' D:\WWW\tpshop\Application\Runtime\Cache\Mobile\b5bbc2774616647d2eecc9fe44b263ed.php 第 300 行.
NOTIC: [8] Use of undefined constant goods_id - assumed 'goods_id' D:\WWW\tpshop\Application\Runtime\Cache\Mobile\b5bbc2774616647d2eecc9fe44b263ed.php 第 291 行.
NOTIC: [8] Use of undefined constant goods_id - assumed 'goods_id' D:\WWW\tpshop\Application\Runtime\Cache\Mobile\b5bbc2774616647d2eecc9fe44b263ed.php 第 297 行.
NOTIC: [8] Use of undefined constant goods_id - assumed 'goods_id' D:\WWW\tpshop\Application\Runtime\Cache\Mobile\b5bbc2774616647d2eecc9fe44b263ed.php 第 300 行.
NOTIC: [8] Use of undefined constant goods_id - assumed 'goods_id' D:\WWW\tpshop\Application\Runtime\Cache\Mobile\b5bbc2774616647d2eecc9fe44b263ed.php 第 291 行.
NOTIC: [8] Use of undefined constant goods_id - assumed 'goods_id' D:\WWW\tpshop\Application\Runtime\Cache\Mobile\b5bbc2774616647d2eecc9fe44b263ed.php 第 297 行.
NOTIC: [8] Use of undefined constant goods_id - assumed 'goods_id' D:\WWW\tpshop\Application\Runtime\Cache\Mobile\b5bbc2774616647d2eecc9fe44b263ed.php 第 300 行.
NOTIC: [8] Use of undefined constant goods_id - assumed 'goods_id' D:\WWW\tpshop\Application\Runtime\Cache\Mobile\b5bbc2774616647d2eecc9fe44b263ed.php 第 291 行.
NOTIC: [8] Use of undefined constant goods_id - assumed 'goods_id' D:\WWW\tpshop\Application\Runtime\Cache\Mobile\b5bbc2774616647d2eecc9fe44b263ed.php 第 297 行.
NOTIC: [8] Use of undefined constant goods_id - assumed 'goods_id' D:\WWW\tpshop\Application\Runtime\Cache\Mobile\b5bbc2774616647d2eecc9fe44b263ed.php 第 300 行.
NOTIC: [8] Use of undefined constant goods_id - assumed 'goods_id' D:\WWW\tpshop\Application\Runtime\Cache\Mobile\b5bbc2774616647d2eecc9fe44b263ed.php 第 291 行.
NOTIC: [8] Use of undefined constant goods_id - assumed 'goods_id' D:\WWW\tpshop\Application\Runtime\Cache\Mobile\b5bbc2774616647d2eecc9fe44b263ed.php 第 297 行.
NOTIC: [8] Use of undefined constant goods_id - assumed 'goods_id' D:\WWW\tpshop\Application\Runtime\Cache\Mobile\b5bbc2774616647d2eecc9fe44b263ed.php 第 300 行.
NOTIC: [8] Use of undefined constant goods_id - assumed 'goods_id' D:\WWW\tpshop\Application\Runtime\Cache\Mobile\b5bbc2774616647d2eecc9fe44b263ed.php 第 291 行.
NOTIC: [8] Use of undefined constant goods_id - assumed 'goods_id' D:\WWW\tpshop\Application\Runtime\Cache\Mobile\b5bbc2774616647d2eecc9fe44b263ed.php 第 297 行.
NOTIC: [8] Use of undefined constant goods_id - assumed 'goods_id' D:\WWW\tpshop\Application\Runtime\Cache\Mobile\b5bbc2774616647d2eecc9fe44b263ed.php 第 300 行.
NOTIC: [8] Use of undefined constant goods_id - assumed 'goods_id' D:\WWW\tpshop\Application\Runtime\Cache\Mobile\b5bbc2774616647d2eecc9fe44b263ed.php 第 333 行.
NOTIC: [8] Use of undefined constant goods_id - assumed 'goods_id' D:\WWW\tpshop\Application\Runtime\Cache\Mobile\b5bbc2774616647d2eecc9fe44b263ed.php 第 339 行.
NOTIC: [8] Use of undefined constant goods_id - assumed 'goods_id' D:\WWW\tpshop\Application\Runtime\Cache\Mobile\b5bbc2774616647d2eecc9fe44b263ed.php 第 342 行.
NOTIC: [8] Use of undefined constant goods_id - assumed 'goods_id' D:\WWW\tpshop\Application\Runtime\Cache\Mobile\b5bbc2774616647d2eecc9fe44b263ed.php 第 333 行.
NOTIC: [8] Use of undefined constant goods_id - assumed 'goods_id' D:\WWW\tpshop\Application\Runtime\Cache\Mobile\b5bbc2774616647d2eecc9fe44b263ed.php 第 339 行.
NOTIC: [8] Use of undefined constant goods_id - assumed 'goods_id' D:\WWW\tpshop\Application\Runtime\Cache\Mobile\b5bbc2774616647d2eecc9fe44b263ed.php 第 342 行.
NOTIC: [8] Use of undefined constant goods_id - assumed 'goods_id' D:\WWW\tpshop\Application\Runtime\Cache\Mobile\b5bbc2774616647d2eecc9fe44b263ed.php 第 333 行.
NOTIC: [8] Use of undefined constant goods_id - assumed 'goods_id' D:\WWW\tpshop\Application\Runtime\Cache\Mobile\b5bbc2774616647d2eecc9fe44b263ed.php 第 339 行.
NOTIC: [8] Use of undefined constant goods_id - assumed 'goods_id' D:\WWW\tpshop\Application\Runtime\Cache\Mobile\b5bbc2774616647d2eecc9fe44b263ed.php 第 342 行.
NOTIC: [8] Use of undefined constant goods_id - assumed 'goods_id' D:\WWW\tpshop\Application\Runtime\Cache\Mobile\b5bbc2774616647d2eecc9fe44b263ed.php 第 333 行.
NOTIC: [8] Use of undefined constant goods_id - assumed 'goods_id' D:\WWW\tpshop\Application\Runtime\Cache\Mobile\b5bbc2774616647d2eecc9fe44b263ed.php 第 339 行.
NOTIC: [8] Use of undefined constant goods_id - assumed 'goods_id' D:\WWW\tpshop\Application\Runtime\Cache\Mobile\b5bbc2774616647d2eecc9fe44b263ed.php 第 342 行.
NOTIC: [8] Use of undefined constant goods_id - assumed 'goods_id' D:\WWW\tpshop\Application\Runtime\Cache\Mobile\b5bbc2774616647d2eecc9fe44b263ed.php 第 333 行.
NOTIC: [8] Use of undefined constant goods_id - assumed 'goods_id' D:\WWW\tpshop\Application\Runtime\Cache\Mobile\b5bbc2774616647d2eecc9fe44b263ed.php 第 339 行.
NOTIC: [8] Use of undefined constant goods_id - assumed 'goods_id' D:\WWW\tpshop\Application\Runtime\Cache\Mobile\b5bbc2774616647d2eecc9fe44b263ed.php 第 342 行.
NOTIC: [8] Use of undefined constant goods_id - assumed 'goods_id' D:\WWW\tpshop\Application\Runtime\Cache\Mobile\b5bbc2774616647d2eecc9fe44b263ed.php 第 333 行.
NOTIC: [8] Use of undefined constant goods_id - assumed 'goods_id' D:\WWW\tpshop\Application\Runtime\Cache\Mobile\b5bbc2774616647d2eecc9fe44b263ed.php 第 339 行.
NOTIC: [8] Use of undefined constant goods_id - assumed 'goods_id' D:\WWW\tpshop\Application\Runtime\Cache\Mobile\b5bbc2774616647d2eecc9fe44b263ed.php 第 342 行.
NOTIC: [8] Use of undefined constant goods_id - assumed 'goods_id' D:\WWW\tpshop\Application\Runtime\Cache\Mobile\b5bbc2774616647d2eecc9fe44b263ed.php 第 333 行.
NOTIC: [8] Use of undefined constant goods_id - assumed 'goods_id' D:\WWW\tpshop\Application\Runtime\Cache\Mobile\b5bbc2774616647d2eecc9fe44b263ed.php 第 339 行.
NOTIC: [8] Use of undefined constant goods_id - assumed 'goods_id' D:\WWW\tpshop\Application\Runtime\Cache\Mobile\b5bbc2774616647d2eecc9fe44b263ed.php 第 342 行.
NOTIC: [8] Use of undefined constant goods_id - assumed 'goods_id' D:\WWW\tpshop\Application\Runtime\Cache\Mobile\b5bbc2774616647d2eecc9fe44b263ed.php 第 333 行.
NOTIC: [8] Use of undefined constant goods_id - assumed 'goods_id' D:\WWW\tpshop\Application\Runtime\Cache\Mobile\b5bbc2774616647d2eecc9fe44b263ed.php 第 339 行.
NOTIC: [8] Use of undefined constant goods_id - assumed 'goods_id' D:\WWW\tpshop\Application\Runtime\Cache\Mobile\b5bbc2774616647d2eecc9fe44b263ed.php 第 342 行.
NOTIC: [8] Use of undefined constant goods_id - assumed 'goods_id' D:\WWW\tpshop\Application\Runtime\Cache\Mobile\b5bbc2774616647d2eecc9fe44b263ed.php 第 333 行.
NOTIC: [8] Use of undefined constant goods_id - assumed 'goods_id' D:\WWW\tpshop\Application\Runtime\Cache\Mobile\b5bbc2774616647d2eecc9fe44b263ed.php 第 339 行.
NOTIC: [8] Use of undefined constant goods_id - assumed 'goods_id' D:\WWW\tpshop\Application\Runtime\Cache\Mobile\b5bbc2774616647d2eecc9fe44b263ed.php 第 342 行.
NOTIC: [8] Use of undefined constant position - assumed 'position' D:\WWW\tpshop\Application\Runtime\Cache\Mobile\b5bbc2774616647d2eecc9fe44b263ed.php 第 379 行.
NOTIC: [8] Use of undefined constant pid - assumed 'pid' D:\WWW\tpshop\Application\Runtime\Cache\Mobile\b5bbc2774616647d2eecc9fe44b263ed.php 第 379 行.
NOTIC: [8] Use of undefined constant edit_ad - assumed 'edit_ad' D:\WWW\tpshop\Application\Runtime\Cache\Mobile\b5bbc2774616647d2eecc9fe44b263ed.php 第 379 行.
NOTIC: [8] Undefined index: edit_ad D:\WWW\tpshop\Application\Runtime\Cache\Mobile\b5bbc2774616647d2eecc9fe44b263ed.php 第 379 行.
NOTIC: [8] Use of undefined constant ad_code - assumed 'ad_code' D:\WWW\tpshop\Application\Runtime\Cache\Mobile\b5bbc2774616647d2eecc9fe44b263ed.php 第 381 行.
NOTIC: [8] Use of undefined constant title - assumed 'title' D:\WWW\tpshop\Application\Runtime\Cache\Mobile\b5bbc2774616647d2eecc9fe44b263ed.php 第 381 行.
NOTIC: [8] Undefined index: title D:\WWW\tpshop\Application\Runtime\Cache\Mobile\b5bbc2774616647d2eecc9fe44b263ed.php 第 381 行.
NOTIC: [8] Use of undefined constant style - assumed 'style' D:\WWW\tpshop\Application\Runtime\Cache\Mobile\b5bbc2774616647d2eecc9fe44b263ed.php 第 381 行.
NOTIC: [8] Undefined index: style D:\WWW\tpshop\Application\Runtime\Cache\Mobile\b5bbc2774616647d2eecc9fe44b263ed.php 第 381 行.
NOTIC: [8] Use of undefined constant position - assumed 'position' D:\WWW\tpshop\Application\Runtime\Cache\Mobile\b5bbc2774616647d2eecc9fe44b263ed.php 第 379 行.
NOTIC: [8] Use of undefined constant pid - assumed 'pid' D:\WWW\tpshop\Application\Runtime\Cache\Mobile\b5bbc2774616647d2eecc9fe44b263ed.php 第 379 行.
NOTIC: [8] Use of undefined constant edit_ad - assumed 'edit_ad' D:\WWW\tpshop\Application\Runtime\Cache\Mobile\b5bbc2774616647d2eecc9fe44b263ed.php 第 379 行.
NOTIC: [8] Undefined index: edit_ad D:\WWW\tpshop\Application\Runtime\Cache\Mobile\b5bbc2774616647d2eecc9fe44b263ed.php 第 379 行.
NOTIC: [8] Use of undefined constant ad_code - assumed 'ad_code' D:\WWW\tpshop\Application\Runtime\Cache\Mobile\b5bbc2774616647d2eecc9fe44b263ed.php 第 381 行.
NOTIC: [8] Use of undefined constant title - assumed 'title' D:\WWW\tpshop\Application\Runtime\Cache\Mobile\b5bbc2774616647d2eecc9fe44b263ed.php 第 381 行.
NOTIC: [8] Undefined index: title D:\WWW\tpshop\Application\Runtime\Cache\Mobile\b5bbc2774616647d2eecc9fe44b263ed.php 第 381 行.
NOTIC: [8] Use of undefined constant style - assumed 'style' D:\WWW\tpshop\Application\Runtime\Cache\Mobile\b5bbc2774616647d2eecc9fe44b263ed.php 第 381 行.
NOTIC: [8] Undefined index: style D:\WWW\tpshop\Application\Runtime\Cache\Mobile\b5bbc2774616647d2eecc9fe44b263ed.php 第 381 行.
NOTIC: [8] Undefined variable: user_id D:\WWW\tpshop\Application\Runtime\Cache\Mobile\b5bbc2774616647d2eecc9fe44b263ed.php 第 445 行.
NOTIC: [8] Undefined variable: signPackage D:\WWW\tpshop\Application\Runtime\Cache\Mobile\b5bbc2774616647d2eecc9fe44b263ed.php 第 557 行.
INFO: Run Behavior\ParseTemplateBehavior [ RunTime:0.081004s ]
INFO: [ view_parse ] --END-- [ RunTime:0.081004s ]
INFO: [ view_filter ] --START--
INFO: Run Behavior\WriteHtmlCacheBehavior [ RunTime:0.001000s ]
INFO: Run Behavior\TokenBuildBehavior [ RunTime:0.001000s ]
INFO: [ view_filter ] --END-- [ RunTime:0.002000s ]
INFO: [ app_end ] --START--
INFO: Run Behavior\ShowPageTraceBehavior [ RunTime:0.001000s ]
INFO: [ app_end ] --END-- [ RunTime:0.001000s ]

[ 2016-10-21T11:02:13+08:00 ] 127.0.0.1 /index.php?m=Mobile&c=Index&a=ajaxGetMore&p=1
INFO: [ app_init ] --START--
INFO: Run Behavior\BuildLiteBehavior [ RunTime:0.000000s ]
INFO: [ app_init ] --END-- [ RunTime:0.001001s ]
INFO: [ app_begin ] --START--
INFO: Run Behavior\ReadHtmlCacheBehavior [ RunTime:0.001000s ]
INFO: [ app_begin ] --END-- [ RunTime:0.001000s ]
INFO: [ view_begin ] --START--
INFO: Run Home\Behaviors\testBehavior [ RunTime:0.001000s ]
INFO: [ view_begin ] --END-- [ RunTime:0.001000s ]
INFO: [ view_parse ] --START--
INFO: [ template_filter ] --START--
INFO: Run Behavior\ContentReplaceBehavior [ RunTime:0.000000s ]
INFO: [ template_filter ] --END-- [ RunTime:0.001000s ]
NOTIC: [8] Use of undefined constant goods_id - assumed 'goods_id' D:\WWW\tpshop\Application\Runtime\Cache\Mobile\1e5b965c4527df62a04c05e6f82297a7.php 第 2 行.
NOTIC: [8] Use of undefined constant goods_id - assumed 'goods_id' D:\WWW\tpshop\Application\Runtime\Cache\Mobile\1e5b965c4527df62a04c05e6f82297a7.php 第 8 行.
NOTIC: [8] Use of undefined constant goods_id - assumed 'goods_id' D:\WWW\tpshop\Application\Runtime\Cache\Mobile\1e5b965c4527df62a04c05e6f82297a7.php 第 11 行.
NOTIC: [8] Use of undefined constant goods_id - assumed 'goods_id' D:\WWW\tpshop\Application\Runtime\Cache\Mobile\1e5b965c4527df62a04c05e6f82297a7.php 第 2 行.
NOTIC: [8] Use of undefined constant goods_id - assumed 'goods_id' D:\WWW\tpshop\Application\Runtime\Cache\Mobile\1e5b965c4527df62a04c05e6f82297a7.php 第 8 行.
NOTIC: [8] Use of undefined constant goods_id - assumed 'goods_id' D:\WWW\tpshop\Application\Runtime\Cache\Mobile\1e5b965c4527df62a04c05e6f82297a7.php 第 11 行.
NOTIC: [8] Use of undefined constant goods_id - assumed 'goods_id' D:\WWW\tpshop\Application\Runtime\Cache\Mobile\1e5b965c4527df62a04c05e6f82297a7.php 第 2 行.
NOTIC: [8] Use of undefined constant goods_id - assumed 'goods_id' D:\WWW\tpshop\Application\Runtime\Cache\Mobile\1e5b965c4527df62a04c05e6f82297a7.php 第 8 行.
NOTIC: [8] Use of undefined constant goods_id - assumed 'goods_id' D:\WWW\tpshop\Application\Runtime\Cache\Mobile\1e5b965c4527df62a04c05e6f82297a7.php 第 11 行.
NOTIC: [8] Use of undefined constant goods_id - assumed 'goods_id' D:\WWW\tpshop\Application\Runtime\Cache\Mobile\1e5b965c4527df62a04c05e6f82297a7.php 第 2 行.
NOTIC: [8] Use of undefined constant goods_id - assumed 'goods_id' D:\WWW\tpshop\Application\Runtime\Cache\Mobile\1e5b965c4527df62a04c05e6f82297a7.php 第 8 行.
NOTIC: [8] Use of undefined constant goods_id - assumed 'goods_id' D:\WWW\tpshop\Application\Runtime\Cache\Mobile\1e5b965c4527df62a04c05e6f82297a7.php 第 11 行.
NOTIC: [8] Use of undefined constant goods_id - assumed 'goods_id' D:\WWW\tpshop\Application\Runtime\Cache\Mobile\1e5b965c4527df62a04c05e6f82297a7.php 第 2 行.
NOTIC: [8] Use of undefined constant goods_id - assumed 'goods_id' D:\WWW\tpshop\Application\Runtime\Cache\Mobile\1e5b965c4527df62a04c05e6f82297a7.php 第 8 行.
NOTIC: [8] Use of undefined constant goods_id - assumed 'goods_id' D:\WWW\tpshop\Application\Runtime\Cache\Mobile\1e5b965c4527df62a04c05e6f82297a7.php 第 11 行.
NOTIC: [8] Use of undefined constant goods_id - assumed 'goods_id' D:\WWW\tpshop\Application\Runtime\Cache\Mobile\1e5b965c4527df62a04c05e6f82297a7.php 第 2 行.
NOTIC: [8] Use of undefined constant goods_id - assumed 'goods_id' D:\WWW\tpshop\Application\Runtime\Cache\Mobile\1e5b965c4527df62a04c05e6f82297a7.php 第 8 行.
NOTIC: [8] Use of undefined constant goods_id - assumed 'goods_id' D:\WWW\tpshop\Application\Runtime\Cache\Mobile\1e5b965c4527df62a04c05e6f82297a7.php 第 11 行.
NOTIC: [8] Use of undefined constant goods_id - assumed 'goods_id' D:\WWW\tpshop\Application\Runtime\Cache\Mobile\1e5b965c4527df62a04c05e6f82297a7.php 第 2 行.
NOTIC: [8] Use of undefined constant goods_id - assumed 'goods_id' D:\WWW\tpshop\Application\Runtime\Cache\Mobile\1e5b965c4527df62a04c05e6f82297a7.php 第 8 行.
NOTIC: [8] Use of undefined constant goods_id - assumed 'goods_id' D:\WWW\tpshop\Application\Runtime\Cache\Mobile\1e5b965c4527df62a04c05e6f82297a7.php 第 11 行.
NOTIC: [8] Use of undefined constant goods_id - assumed 'goods_id' D:\WWW\tpshop\Application\Runtime\Cache\Mobile\1e5b965c4527df62a04c05e6f82297a7.php 第 2 行.
NOTIC: [8] Use of undefined constant goods_id - assumed 'goods_id' D:\WWW\tpshop\Application\Runtime\Cache\Mobile\1e5b965c4527df62a04c05e6f82297a7.php 第 8 行.
NOTIC: [8] Use of undefined constant goods_id - assumed 'goods_id' D:\WWW\tpshop\Application\Runtime\Cache\Mobile\1e5b965c4527df62a04c05e6f82297a7.php 第 11 行.
NOTIC: [8] Use of undefined constant goods_id - assumed 'goods_id' D:\WWW\tpshop\Application\Runtime\Cache\Mobile\1e5b965c4527df62a04c05e6f82297a7.php 第 2 行.
NOTIC: [8] Use of undefined constant goods_id - assumed 'goods_id' D:\WWW\tpshop\Application\Runtime\Cache\Mobile\1e5b965c4527df62a04c05e6f82297a7.php 第 8 行.
NOTIC: [8] Use of undefined constant goods_id - assumed 'goods_id' D:\WWW\tpshop\Application\Runtime\Cache\Mobile\1e5b965c4527df62a04c05e6f82297a7.php 第 11 行.
NOTIC: [8] Use of undefined constant goods_id - assumed 'goods_id' D:\WWW\tpshop\Application\Runtime\Cache\Mobile\1e5b965c4527df62a04c05e6f82297a7.php 第 2 行.
NOTIC: [8] Use of undefined constant goods_id - assumed 'goods_id' D:\WWW\tpshop\Application\Runtime\Cache\Mobile\1e5b965c4527df62a04c05e6f82297a7.php 第 8 行.
NOTIC: [8] Use of undefined constant goods_id - assumed 'goods_id' D:\WWW\tpshop\Application\Runtime\Cache\Mobile\1e5b965c4527df62a04c05e6f82297a7.php 第 11 行.
INFO: Run Behavior\ParseTemplateBehavior [ RunTime:0.018002s ]
INFO: [ view_parse ] --END-- [ RunTime:0.018002s ]
INFO: [ view_filter ] --START--
INFO: Run Behavior\WriteHtmlCacheBehavior [ RunTime:0.000000s ]
INFO: Run Behavior\TokenBuildBehavior [ RunTime:0.001000s ]
INFO: [ view_filter ] --END-- [ RunTime:0.001000s ]
INFO: [ app_end ] --START--
INFO: Run Behavior\ShowPageTraceBehavior [ RunTime:0.000000s ]
INFO: [ app_end ] --END-- [ RunTime:0.000000s ]

