[ 2016-11-19T12:58:00+08:00 ] 127.0.0.1 /admin
INFO: [ app_init ] --START--
INFO: Run Behavior\BuildLiteBehavior [ RunTime:0.000000s ]
INFO: [ app_init ] --END-- [ RunTime:0.001000s ]
INFO: [ app_begin ] --START--
INFO: Run Behavior\ReadHtmlCacheBehavior [ RunTime:0.001000s ]
INFO: [ app_begin ] --END-- [ RunTime:0.001000s ]
INFO: [ view_begin ] --START--
INFO: Run Home\Behaviors\testBehavior [ RunTime:0.001001s ]
INFO: [ view_begin ] --END-- [ RunTime:0.001001s ]
INFO: [ view_parse ] --START--
INFO: [ template_filter ] --START--
INFO: Run Behavior\ContentReplaceBehavior [ RunTime:0.000000s ]
INFO: [ template_filter ] --END-- [ RunTime:0.000000s ]
INFO: Run Behavior\ParseTemplateBehavior [ RunTime:0.013000s ]
INFO: [ view_parse ] --END-- [ RunTime:0.013000s ]
INFO: [ view_filter ] --START--
INFO: Run Behavior\WriteHtmlCacheBehavior [ RunTime:0.001000s ]
INFO: Run Behavior\TokenBuildBehavior [ RunTime:0.001000s ]
INFO: [ view_filter ] --END-- [ RunTime:0.002000s ]

[ 2016-11-19T12:58:01+08:00 ] 127.0.0.1 /index.php/Admin/Admin/login
INFO: [ app_init ] --START--
INFO: Run Behavior\BuildLiteBehavior [ RunTime:0.000000s ]
INFO: [ app_init ] --END-- [ RunTime:0.001000s ]
INFO: [ app_begin ] --START--
INFO: Run Behavior\ReadHtmlCacheBehavior [ RunTime:0.001000s ]
INFO: [ app_begin ] --END-- [ RunTime:0.001000s ]
NOTIC: [8] Undefined offset: 0 D:\WWW\ts\ThinkPHP\Library\Think\Db\Driver.class.php 第 113 行.
NOTIC: [8] Undefined offset: 0 D:\WWW\ts\ThinkPHP\Library\Think\Db\Driver.class.php 第 113 行.
NOTIC: [8] Undefined offset: 0 D:\WWW\ts\ThinkPHP\Library\Think\Db\Driver.class.php 第 113 行.
NOTIC: [2] Invalid argument supplied for foreach() D:\WWW\ts\Application\Admin\Controller\BaseController.class.php 第 62 行.
NOTIC: [8] Undefined index: login D:\WWW\ts\Application\Admin\Common\function.php 第 47 行.
INFO: [ view_begin ] --START--
INFO: Run Home\Behaviors\testBehavior [ RunTime:0.001000s ]
INFO: [ view_begin ] --END-- [ RunTime:0.001000s ]
INFO: [ view_parse ] --START--
INFO: [ template_filter ] --START--
INFO: Run Behavior\ContentReplaceBehavior [ RunTime:0.001000s ]
INFO: [ template_filter ] --END-- [ RunTime:0.001000s ]
INFO: Run Behavior\ParseTemplateBehavior [ RunTime:0.010001s ]
INFO: [ view_parse ] --END-- [ RunTime:0.010001s ]
INFO: [ view_filter ] --START--
INFO: Run Behavior\WriteHtmlCacheBehavior [ RunTime:0.000000s ]
INFO: Run Behavior\TokenBuildBehavior [ RunTime:0.001000s ]
INFO: [ view_filter ] --END-- [ RunTime:0.001000s ]
INFO: [ app_end ] --START--
INFO: Run Behavior\ShowPageTraceBehavior [ RunTime:0.001000s ]
INFO: [ app_end ] --END-- [ RunTime:0.001000s ]

[ 2016-11-19T12:58:01+08:00 ] 127.0.0.1 /index.php/Admin/Admin/vertify
INFO: [ app_init ] --START--
INFO: Run Behavior\BuildLiteBehavior [ RunTime:0.000000s ]
INFO: [ app_init ] --END-- [ RunTime:0.000000s ]
INFO: [ app_begin ] --START--
INFO: Run Behavior\ReadHtmlCacheBehavior [ RunTime:0.000000s ]
INFO: [ app_begin ] --END-- [ RunTime:0.001000s ]
NOTIC: [8] Undefined offset: 0 D:\WWW\ts\ThinkPHP\Library\Think\Db\Driver.class.php 第 113 行.
NOTIC: [8] Undefined offset: 0 D:\WWW\ts\ThinkPHP\Library\Think\Db\Driver.class.php 第 113 行.
NOTIC: [8] Undefined offset: 0 D:\WWW\ts\ThinkPHP\Library\Think\Db\Driver.class.php 第 113 行.
NOTIC: [2] Invalid argument supplied for foreach() D:\WWW\ts\Application\Admin\Controller\BaseController.class.php 第 62 行.
NOTIC: [8] Undefined index: vertify D:\WWW\ts\Application\Admin\Common\function.php 第 47 行.
INFO: [ app_end ] --START--
INFO: Run Behavior\ShowPageTraceBehavior [ RunTime:0.000000s ]
INFO: [ app_end ] --END-- [ RunTime:0.000000s ]

[ 2016-11-19T12:58:05+08:00 ] 127.0.0.1 /index.php?m=Admin&c=Admin&a=login&t=0.7683108326165169
INFO: [ app_init ] --START--
INFO: Run Behavior\BuildLiteBehavior [ RunTime:0.000000s ]
INFO: [ app_init ] --END-- [ RunTime:0.000000s ]
INFO: [ app_begin ] --START--
INFO: Run Behavior\ReadHtmlCacheBehavior [ RunTime:0.000000s ]
INFO: [ app_begin ] --END-- [ RunTime:0.000000s ]
NOTIC: [8] Undefined offset: 0 D:\WWW\ts\ThinkPHP\Library\Think\Db\Driver.class.php 第 113 行.
NOTIC: [8] Undefined offset: 0 D:\WWW\ts\ThinkPHP\Library\Think\Db\Driver.class.php 第 113 行.
NOTIC: [8] Undefined offset: 0 D:\WWW\ts\ThinkPHP\Library\Think\Db\Driver.class.php 第 113 行.
NOTIC: [2] Invalid argument supplied for foreach() D:\WWW\ts\Application\Admin\Controller\BaseController.class.php 第 62 行.
NOTIC: [8] Undefined index: login D:\WWW\ts\Application\Admin\Common\function.php 第 47 行.
NOTIC: [8] Undefined offset: 0 D:\WWW\ts\ThinkPHP\Library\Think\Db\Driver.class.php 第 113 行.
NOTIC: [8] Undefined offset: 0 D:\WWW\ts\ThinkPHP\Library\Think\Db\Driver.class.php 第 113 行.
NOTIC: [8] Undefined offset: 0 D:\WWW\ts\ThinkPHP\Library\Think\Db\Driver.class.php 第 113 行.

[ 2016-11-19T12:58:10+08:00 ] 127.0.0.1 /index.php?m=Admin&c=Admin&a=login&t=0.8156516337850128
INFO: [ app_init ] --START--
INFO: Run Behavior\BuildLiteBehavior [ RunTime:0.000000s ]
INFO: [ app_init ] --END-- [ RunTime:0.000000s ]
INFO: [ app_begin ] --START--
INFO: Run Behavior\ReadHtmlCacheBehavior [ RunTime:0.000000s ]
INFO: [ app_begin ] --END-- [ RunTime:0.000000s ]
NOTIC: [8] Undefined offset: 0 D:\WWW\ts\ThinkPHP\Library\Think\Db\Driver.class.php 第 113 行.
NOTIC: [8] Undefined offset: 0 D:\WWW\ts\ThinkPHP\Library\Think\Db\Driver.class.php 第 113 行.
NOTIC: [8] Undefined offset: 0 D:\WWW\ts\ThinkPHP\Library\Think\Db\Driver.class.php 第 113 行.
NOTIC: [2] Invalid argument supplied for foreach() D:\WWW\ts\Application\Admin\Controller\BaseController.class.php 第 62 行.
NOTIC: [8] Undefined index: login D:\WWW\ts\Application\Admin\Common\function.php 第 47 行.

[ 2016-11-19T12:58:12+08:00 ] 127.0.0.1 /index.php?m=Admin&c=Admin&a=vertify&r=85
INFO: [ app_init ] --START--
INFO: Run Behavior\BuildLiteBehavior [ RunTime:0.000000s ]
INFO: [ app_init ] --END-- [ RunTime:0.000000s ]
INFO: [ app_begin ] --START--
INFO: Run Behavior\ReadHtmlCacheBehavior [ RunTime:0.000000s ]
INFO: [ app_begin ] --END-- [ RunTime:0.000000s ]
NOTIC: [8] Undefined offset: 0 D:\WWW\ts\ThinkPHP\Library\Think\Db\Driver.class.php 第 113 行.
NOTIC: [8] Undefined offset: 0 D:\WWW\ts\ThinkPHP\Library\Think\Db\Driver.class.php 第 113 行.
NOTIC: [8] Undefined offset: 0 D:\WWW\ts\ThinkPHP\Library\Think\Db\Driver.class.php 第 113 行.
NOTIC: [2] Invalid argument supplied for foreach() D:\WWW\ts\Application\Admin\Controller\BaseController.class.php 第 62 行.
NOTIC: [8] Undefined index: vertify D:\WWW\ts\Application\Admin\Common\function.php 第 47 行.
INFO: [ app_end ] --START--
INFO: Run Behavior\ShowPageTraceBehavior [ RunTime:0.000000s ]
INFO: [ app_end ] --END-- [ RunTime:0.000000s ]

[ 2016-11-19T12:58:15+08:00 ] 127.0.0.1 /index.php?m=Admin&c=Admin&a=login&t=0.39119021008462185
INFO: [ app_init ] --START--
INFO: Run Behavior\BuildLiteBehavior [ RunTime:0.000000s ]
INFO: [ app_init ] --END-- [ RunTime:0.000000s ]
INFO: [ app_begin ] --START--
INFO: Run Behavior\ReadHtmlCacheBehavior [ RunTime:0.000000s ]
INFO: [ app_begin ] --END-- [ RunTime:0.000000s ]
NOTIC: [8] Undefined offset: 0 D:\WWW\ts\ThinkPHP\Library\Think\Db\Driver.class.php 第 113 行.
NOTIC: [8] Undefined offset: 0 D:\WWW\ts\ThinkPHP\Library\Think\Db\Driver.class.php 第 113 行.
NOTIC: [8] Undefined offset: 0 D:\WWW\ts\ThinkPHP\Library\Think\Db\Driver.class.php 第 113 行.
NOTIC: [2] Invalid argument supplied for foreach() D:\WWW\ts\Application\Admin\Controller\BaseController.class.php 第 62 行.
NOTIC: [8] Undefined index: login D:\WWW\ts\Application\Admin\Common\function.php 第 47 行.
NOTIC: [8] Undefined offset: 0 D:\WWW\ts\ThinkPHP\Library\Think\Db\Driver.class.php 第 113 行.
NOTIC: [8] Undefined offset: 0 D:\WWW\ts\ThinkPHP\Library\Think\Db\Driver.class.php 第 113 行.
NOTIC: [8] Undefined offset: 0 D:\WWW\ts\ThinkPHP\Library\Think\Db\Driver.class.php 第 113 行.

[ 2016-11-19T12:58:26+08:00 ] 127.0.0.1 /index.php?m=Admin&c=Admin&a=login&t=0.17737628370956182
INFO: [ app_init ] --START--
INFO: Run Behavior\BuildLiteBehavior [ RunTime:0.000000s ]
INFO: [ app_init ] --END-- [ RunTime:0.000000s ]
INFO: [ app_begin ] --START--
INFO: Run Behavior\ReadHtmlCacheBehavior [ RunTime:0.001000s ]
INFO: [ app_begin ] --END-- [ RunTime:0.001000s ]
NOTIC: [8] Undefined offset: 0 D:\WWW\ts\ThinkPHP\Library\Think\Db\Driver.class.php 第 113 行.
NOTIC: [8] Undefined offset: 0 D:\WWW\ts\ThinkPHP\Library\Think\Db\Driver.class.php 第 113 行.
NOTIC: [8] Undefined offset: 0 D:\WWW\ts\ThinkPHP\Library\Think\Db\Driver.class.php 第 113 行.
NOTIC: [2] Invalid argument supplied for foreach() D:\WWW\ts\Application\Admin\Controller\BaseController.class.php 第 62 行.
NOTIC: [8] Undefined index: login D:\WWW\ts\Application\Admin\Common\function.php 第 47 行.

[ 2016-11-19T12:58:28+08:00 ] 127.0.0.1 /index.php?m=Admin&c=Admin&a=vertify&r=31
INFO: [ app_init ] --START--
INFO: Run Behavior\BuildLiteBehavior [ RunTime:0.000000s ]
INFO: [ app_init ] --END-- [ RunTime:0.000000s ]
INFO: [ app_begin ] --START--
INFO: Run Behavior\ReadHtmlCacheBehavior [ RunTime:0.000000s ]
INFO: [ app_begin ] --END-- [ RunTime:0.000000s ]
NOTIC: [8] Undefined offset: 0 D:\WWW\ts\ThinkPHP\Library\Think\Db\Driver.class.php 第 113 行.
NOTIC: [8] Undefined offset: 0 D:\WWW\ts\ThinkPHP\Library\Think\Db\Driver.class.php 第 113 行.
NOTIC: [8] Undefined offset: 0 D:\WWW\ts\ThinkPHP\Library\Think\Db\Driver.class.php 第 113 行.
NOTIC: [2] Invalid argument supplied for foreach() D:\WWW\ts\Application\Admin\Controller\BaseController.class.php 第 62 行.
NOTIC: [8] Undefined index: vertify D:\WWW\ts\Application\Admin\Common\function.php 第 47 行.
INFO: [ app_end ] --START--
INFO: Run Behavior\ShowPageTraceBehavior [ RunTime:0.000000s ]
INFO: [ app_end ] --END-- [ RunTime:0.000000s ]

[ 2016-11-19T12:58:29+08:00 ] 127.0.0.1 /index.php?m=Admin&c=Admin&a=vertify&r=87
INFO: [ app_init ] --START--
INFO: Run Behavior\BuildLiteBehavior [ RunTime:0.000000s ]
INFO: [ app_init ] --END-- [ RunTime:0.000000s ]
INFO: [ app_begin ] --START--
INFO: Run Behavior\ReadHtmlCacheBehavior [ RunTime:0.000000s ]
INFO: [ app_begin ] --END-- [ RunTime:0.000000s ]
NOTIC: [8] Undefined offset: 0 D:\WWW\ts\ThinkPHP\Library\Think\Db\Driver.class.php 第 113 行.
NOTIC: [8] Undefined offset: 0 D:\WWW\ts\ThinkPHP\Library\Think\Db\Driver.class.php 第 113 行.
NOTIC: [8] Undefined offset: 0 D:\WWW\ts\ThinkPHP\Library\Think\Db\Driver.class.php 第 113 行.
NOTIC: [2] Invalid argument supplied for foreach() D:\WWW\ts\Application\Admin\Controller\BaseController.class.php 第 62 行.
NOTIC: [8] Undefined index: vertify D:\WWW\ts\Application\Admin\Common\function.php 第 47 行.
INFO: [ app_end ] --START--
INFO: Run Behavior\ShowPageTraceBehavior [ RunTime:0.000000s ]
INFO: [ app_end ] --END-- [ RunTime:0.000000s ]

[ 2016-11-19T12:58:34+08:00 ] 127.0.0.1 /index.php?m=Admin&c=Admin&a=login&t=0.6009111357689572
INFO: [ app_init ] --START--
INFO: Run Behavior\BuildLiteBehavior [ RunTime:0.000000s ]
INFO: [ app_init ] --END-- [ RunTime:0.000000s ]
INFO: [ app_begin ] --START--
INFO: Run Behavior\ReadHtmlCacheBehavior [ RunTime:0.001000s ]
INFO: [ app_begin ] --END-- [ RunTime:0.001000s ]
NOTIC: [8] Undefined offset: 0 D:\WWW\ts\ThinkPHP\Library\Think\Db\Driver.class.php 第 113 行.
NOTIC: [8] Undefined offset: 0 D:\WWW\ts\ThinkPHP\Library\Think\Db\Driver.class.php 第 113 行.
NOTIC: [8] Undefined offset: 0 D:\WWW\ts\ThinkPHP\Library\Think\Db\Driver.class.php 第 113 行.
NOTIC: [2] Invalid argument supplied for foreach() D:\WWW\ts\Application\Admin\Controller\BaseController.class.php 第 62 行.
NOTIC: [8] Undefined index: login D:\WWW\ts\Application\Admin\Common\function.php 第 47 行.
NOTIC: [8] Undefined offset: 0 D:\WWW\ts\ThinkPHP\Library\Think\Db\Driver.class.php 第 113 行.
NOTIC: [8] Undefined offset: 0 D:\WWW\ts\ThinkPHP\Library\Think\Db\Driver.class.php 第 113 行.
NOTIC: [8] Undefined offset: 0 D:\WWW\ts\ThinkPHP\Library\Think\Db\Driver.class.php 第 113 行.

[ 2016-11-19T13:00:22+08:00 ] 127.0.0.1 /index.php?m=Admin&c=Admin&a=login&t=0.09194646794330152
INFO: [ app_init ] --START--
INFO: Run Behavior\BuildLiteBehavior [ RunTime:0.000000s ]
INFO: [ app_init ] --END-- [ RunTime:0.000000s ]
INFO: [ app_begin ] --START--
INFO: Run Behavior\ReadHtmlCacheBehavior [ RunTime:0.000000s ]
INFO: [ app_begin ] --END-- [ RunTime:0.000000s ]
NOTIC: [8] Undefined index: login D:\WWW\ts\Application\Admin\Common\function.php 第 47 行.

[ 2016-11-19T13:00:23+08:00 ] 127.0.0.1 /index.php?m=Admin&c=Admin&a=vertify&r=96
INFO: [ app_init ] --START--
INFO: Run Behavior\BuildLiteBehavior [ RunTime:0.000000s ]
INFO: [ app_init ] --END-- [ RunTime:0.000000s ]
INFO: [ app_begin ] --START--
INFO: Run Behavior\ReadHtmlCacheBehavior [ RunTime:0.001000s ]
INFO: [ app_begin ] --END-- [ RunTime:0.001000s ]
NOTIC: [8] Undefined index: vertify D:\WWW\ts\Application\Admin\Common\function.php 第 47 行.
INFO: [ app_end ] --START--
INFO: Run Behavior\ShowPageTraceBehavior [ RunTime:0.000000s ]
INFO: [ app_end ] --END-- [ RunTime:0.000000s ]

[ 2016-11-19T13:00:27+08:00 ] 127.0.0.1 /index.php?m=Admin&c=Admin&a=login&t=0.7636833350044621
INFO: [ app_init ] --START--
INFO: Run Behavior\BuildLiteBehavior [ RunTime:0.000000s ]
INFO: [ app_init ] --END-- [ RunTime:0.001000s ]
INFO: [ app_begin ] --START--
INFO: Run Behavior\ReadHtmlCacheBehavior [ RunTime:0.001000s ]
INFO: [ app_begin ] --END-- [ RunTime:0.001000s ]
NOTIC: [8] Undefined index: login D:\WWW\ts\Application\Admin\Common\function.php 第 47 行.

[ 2016-11-19T13:00:28+08:00 ] 127.0.0.1 /index.php/Admin/Index/index
INFO: [ app_init ] --START--
INFO: Run Behavior\BuildLiteBehavior [ RunTime:0.000000s ]
INFO: [ app_init ] --END-- [ RunTime:0.000000s ]
INFO: [ app_begin ] --START--
INFO: Run Behavior\ReadHtmlCacheBehavior [ RunTime:0.000000s ]
INFO: [ app_begin ] --END-- [ RunTime:0.000000s ]
INFO: [ view_begin ] --START--
INFO: Run Home\Behaviors\testBehavior [ RunTime:0.001000s ]
INFO: [ view_begin ] --END-- [ RunTime:0.001000s ]
INFO: [ view_parse ] --START--
INFO: [ template_filter ] --START--
INFO: Run Behavior\ContentReplaceBehavior [ RunTime:0.001000s ]
INFO: [ template_filter ] --END-- [ RunTime:0.001000s ]
INFO: Run Behavior\ParseTemplateBehavior [ RunTime:0.030002s ]
INFO: [ view_parse ] --END-- [ RunTime:0.030002s ]
INFO: [ view_filter ] --START--
INFO: Run Behavior\WriteHtmlCacheBehavior [ RunTime:0.000000s ]
INFO: Run Behavior\TokenBuildBehavior [ RunTime:0.003000s ]
INFO: [ view_filter ] --END-- [ RunTime:0.003000s ]
INFO: [ app_end ] --START--
INFO: Run Behavior\ShowPageTraceBehavior [ RunTime:0.001000s ]
INFO: [ app_end ] --END-- [ RunTime:0.001000s ]

[ 2016-11-19T13:00:28+08:00 ] 127.0.0.1 /index.php/Admin/System/login_task
INFO: [ app_init ] --START--
INFO: Run Behavior\BuildLiteBehavior [ RunTime:0.000000s ]
INFO: [ app_init ] --END-- [ RunTime:0.000000s ]
INFO: [ app_begin ] --START--
INFO: Run Behavior\ReadHtmlCacheBehavior [ RunTime:0.000000s ]
INFO: [ app_begin ] --END-- [ RunTime:0.000000s ]
NOTIC: [8] Undefined index: login_task D:\WWW\ts\Application\Admin\Common\function.php 第 47 行.
NOTIC: [2] Invalid argument supplied for foreach() D:\WWW\ts\Application\Admin\Controller\SystemController.class.php 第 246 行.
INFO: [ app_end ] --START--
INFO: Run Behavior\ShowPageTraceBehavior [ RunTime:0.000000s ]
INFO: [ app_end ] --END-- [ RunTime:0.000000s ]

[ 2016-11-19T13:00:28+08:00 ] 127.0.0.1 /index.php/Admin/Index/welcome
INFO: [ app_init ] --START--
INFO: Run Behavior\BuildLiteBehavior [ RunTime:0.000000s ]
INFO: [ app_init ] --END-- [ RunTime:0.001000s ]
INFO: [ app_begin ] --START--
INFO: Run Behavior\ReadHtmlCacheBehavior [ RunTime:0.000000s ]
INFO: [ app_begin ] --END-- [ RunTime:0.000000s ]
NOTIC: [8] Undefined index: welcome D:\WWW\ts\Application\Admin\Common\function.php 第 47 行.
NOTIC: [8] Undefined index: version D:\WWW\ts\Application\Admin\Controller\IndexController.class.php 第 61 行.
INFO: [ view_begin ] --START--
INFO: Run Home\Behaviors\testBehavior [ RunTime:0.001000s ]
INFO: [ view_begin ] --END-- [ RunTime:0.001000s ]
INFO: [ view_parse ] --START--
INFO: [ template_filter ] --START--
INFO: Run Behavior\ContentReplaceBehavior [ RunTime:0.000000s ]
INFO: [ template_filter ] --END-- [ RunTime:0.000000s ]
INFO: Run Behavior\ParseTemplateBehavior [ RunTime:0.025001s ]
INFO: [ view_parse ] --END-- [ RunTime:0.025001s ]
INFO: [ view_filter ] --START--
INFO: Run Behavior\WriteHtmlCacheBehavior [ RunTime:0.000000s ]
INFO: Run Behavior\TokenBuildBehavior [ RunTime:0.001000s ]
INFO: [ view_filter ] --END-- [ RunTime:0.001000s ]
INFO: [ app_end ] --START--
INFO: Run Behavior\ShowPageTraceBehavior [ RunTime:0.000000s ]
INFO: [ app_end ] --END-- [ RunTime:0.000000s ]

